1672596399.6716435
creating main_df
root relaxation
Set parameter Username
Academic license - for non-commercial use only - expires 2023-06-15
creating decision variables
Set parameter TimeLimit to value 7200
Set parameter NodeLimit to value 1073741824
Set parameter SolutionLimit to value 1073741824
Set parameter IntFeasTol to value 1e-06
Set parameter Method to value 3
Set parameter MIPGap to value 0.01
Gurobi Optimizer version 9.5.2 build v9.5.2rc0 (linux64)
Thread count: 4 physical cores, 8 logical processors, using up to 8 threads
Optimize a model with 92846 rows, 39180 columns and 610935 nonzeros
Model fingerprint: 0x24325aa9
Coefficient statistics:
  Matrix range     [1e-01, 5e+01]
  Objective range  [6e-03, 3e-02]
  Bounds range     [0e+00, 0e+00]
  RHS range        [1e+00, 9e+02]

Concurrent LP optimizer: dual simplex and barrier
Showing barrier log only...

Presolve removed 53823 rows and 4038 columns
Presolve time: 0.31s
Presolved: 39023 rows, 35142 columns, 480898 nonzeros

Ordering time: 2.22s

Barrier statistics:
 Dense cols : 12
 AA' NZ     : 1.863e+06
 Factor NZ  : 1.771e+07 (roughly 180 MB of memory)
 Factor Ops : 4.889e+10 (roughly 1 second per iteration)
 Threads    : 3

                  Objective                Residual
Iter       Primal          Dual         Primal    Dual     Compl     Time
   0   2.46132444e+03  6.35211440e+00  1.04e+04 3.66e-02  1.58e+00     4s
   1   8.45979812e+02  2.69232919e+02  3.53e+03 2.44e-02  4.85e-01     4s
   2   1.13689655e+02  1.94166423e+02  4.37e+02 9.70e-04  6.50e-02     5s
   3   2.90120595e+01  5.06093223e+01  8.63e+01 0.00e+00  1.19e-02     5s
   4   1.00967475e+01  1.83819480e+01  1.08e+01 0.00e+00  1.92e-03     6s
   5   8.74163617e+00  1.30573980e+01  4.22e+00 0.00e+00  7.58e-04     9s
   6   8.63210717e+00  1.09605805e+01  2.23e+00 0.00e+00  3.67e-04    11s

Barrier performed 6 iterations in 12.53 seconds (9.12 work units)
Barrier solve interrupted - model solved by another algorithm


Solved with dual simplex
Solved in 13851 iterations and 12.54 seconds (21.63 work units)
Optimal objective  9.122008975e+00
optimal solution cost 9.122008975343538 found
solution:
creating mipmodel
Set parameter Username
Academic license - for non-commercial use only - expires 2023-06-15
1672596612.5104346
creating decision variables
1672596613.0817072
creating objective function
Set parameter TimeLimit to value 7200
Set parameter NodeLimit to value 1073741824
Set parameter SolutionLimit to value 1073741824
Set parameter IntFeasTol to value 1e-06
Set parameter Method to value 3
Set parameter MIPGap to value 0.01
Gurobi Optimizer version 9.5.2 build v9.5.2rc0 (linux64)
Thread count: 4 physical cores, 8 logical processors, using up to 8 threads
Optimize a model with 53666 rows, 19584 columns and 512991 nonzeros
Model fingerprint: 0x8dcb0bea
Variable types: 0 continuous, 19584 integer (19584 binary)
Coefficient statistics:
  Matrix range     [1e+00, 5e+01]
  Objective range  [7e-03, 1e-02]
  Bounds range     [1e+00, 1e+00]
  RHS range        [1e+00, 9e+02]
Presolve removed 37665 rows and 2019 columns
Presolve time: 0.81s
Presolved: 16001 rows, 17565 columns, 307260 nonzeros
Variable types: 0 continuous, 17565 integer (17565 binary)

Concurrent LP optimizer: dual simplex and barrier
Showing barrier log only...

Root barrier log...

Ordering time: 0.92s

Barrier statistics:
 AA' NZ     : 7.706e+05
 Factor NZ  : 3.868e+06 (roughly 50 MB of memory)
 Factor Ops : 3.323e+09 (less than 1 second per iteration)
 Threads    : 2

                  Objective                Residual
Iter       Primal          Dual         Primal    Dual     Compl     Time
   0   1.92951340e+03 -0.00000000e+00  1.28e+05 1.46e-03  1.25e+01     2s
   1   1.07244753e+03  1.93810713e+04  7.08e+04 1.86e-02  6.80e+00     2s
   2   1.55638705e+02  1.75669482e+04  1.00e+04 1.51e-03  1.14e+00     3s
   3   5.56584592e+01  6.15418454e+03  3.42e+03 1.39e-04  3.38e-01     3s
   4   1.73994532e+01  1.93219939e+03  8.88e+02 0.00e+00  8.70e-02     3s
   5   5.72398961e+00  5.06462241e+02  1.14e+02 0.00e+00  1.52e-02     3s
   6   4.28940947e+00  1.95605707e+02  1.86e+01 0.00e+00  4.22e-03     3s
   7   4.01092385e+00  1.54843160e+01  1.51e-11 0.00e+00  2.25e-04     4s
   8   4.02295702e+00  8.60455539e+00  2.48e-11 0.00e+00  8.97e-05     4s

Barrier performed 8 iterations in 3.81 seconds (3.77 work units)
Barrier solve interrupted - model solved by another algorithm


Solved with dual simplex

Root relaxation: objective 4.190723e+00, 9787 iterations, 2.86 seconds (3.22 work units)

    Nodes    |    Current Node    |     Objective Bounds      |     Work
 Expl Unexpl |  Obj  Depth IntInf | Incumbent    BestBd   Gap | It/Node Time

     0     0    4.19072    0  461          -    4.19072      -     -    3s
     0     0    4.19072    0  452          -    4.19072      -     -   10s
H    0     0                       4.0125556    4.19072  4.44%     -   22s
     0     0    4.19072    0  452    4.01256    4.19072  4.44%     -   27s
H    0     0                       4.1830278    4.19072  0.18%     -   35s

Cutting planes:
  MIR: 1

Explored 1 nodes (9813 simplex iterations) in 35.24 seconds (31.06 work units)
Thread count was 8 (of 8 available processors)

Solution count 2: 4.18303 4.01256 

Optimal solution found (tolerance 1.00e-02)
Best objective 4.183027777778e+00, best bound 4.190721203163e+00, gap 0.1839%
optimal solution cost 4.183027777777777 found
solution:
creating decision variables
Gurobi Optimizer version 9.5.2 build v9.5.2rc0 (linux64)
Thread count: 4 physical cores, 8 logical processors, using up to 8 threads
Optimize a model with 146512 rows, 39180 columns and 1123926 nonzeros
Model fingerprint: 0x37b8402b
Variable types: 19596 continuous, 19584 integer (19584 binary)
Coefficient statistics:
  Matrix range     [1e-01, 5e+01]
  Objective range  [6e-03, 3e-02]
  Bounds range     [1e+00, 1e+00]
  RHS range        [1e+00, 9e+02]

Warning: Completing partial solution with 19224 unfixed non-continuous variables out of 19584
User MIP start produced solution with objective 7.31014 (0.30s)
Loaded user MIP start with objective 7.31014
MIP start from previous solve did not produce a new incumbent solution

Presolve removed 112934 rows and 4038 columns
Presolve time: 1.51s
Presolved: 33578 rows, 35142 columns, 395085 nonzeros
Variable types: 17577 continuous, 17565 integer (17565 binary)
Found heuristic solution: objective 7.3114722

Concurrent LP optimizer: dual simplex and barrier
Showing barrier log only...

Root barrier log...

Ordering time: 0.59s

Barrier statistics:
 Dense cols : 12
 AA' NZ     : 1.156e+06
 Factor NZ  : 4.405e+06 (roughly 70 MB of memory)
 Factor Ops : 3.446e+09 (less than 1 second per iteration)
 Threads    : 3

                  Objective                Residual
Iter       Primal          Dual         Primal    Dual     Compl     Time
   0   2.65985286e+03  4.05224770e+03  1.26e+05 9.17e-04  2.06e+01     3s
   1   2.12702009e+03  2.80221024e+04  1.00e+05 2.30e-02  1.44e+01     4s
   2   2.26699459e+02  3.04903449e+04  1.02e+04 5.08e-03  1.78e+00     4s
   3   7.36335788e+01  1.17368210e+04  3.05e+03 4.48e-04  4.99e-01     4s
   4   2.37360426e+01  4.38504467e+03  7.71e+02 2.36e-05  1.27e-01     4s
   5   1.03874987e+01  1.58760485e+03  1.44e+02 2.31e-14  2.85e-02     4s
   6   7.67300204e+00  3.84304519e+02  1.71e+01 4.09e-14  4.78e-03     5s
   7   7.32342839e+00  1.33538949e+02  6.62e-01 9.77e-15  1.25e-03     5s
   8   7.32037819e+00  1.06498767e+02  5.08e-01 7.55e-15  1.00e-03     5s
   9   7.31866187e+00  8.80167401e+01  4.14e-01 1.23e-14  8.31e-04     5s
  10   7.31602980e+00  5.70451538e+01  2.65e-01 3.77e-15  5.19e-04     5s
  11   7.31638349e+00  2.95176187e+01  1.28e-01 1.09e-14  2.28e-04     6s
  12   7.33500775e+00  1.75191855e+01  5.92e-02 3.96e-15  1.02e-04     6s
  13   7.49909977e+00  1.53599053e+01  3.80e-02 2.38e-15  7.78e-05     6s
  14   7.69159535e+00  1.37119055e+01  2.54e-02 1.46e-15  5.91e-05     6s
  15   7.85172389e+00  1.23576925e+01  2.07e-02 1.84e-15  4.41e-05     6s
  16   8.00222199e+00  1.16804997e+01  1.67e-02 1.04e-15  3.59e-05     7s
  17   8.13648860e+00  1.13392119e+01  1.36e-02 6.28e-16  3.12e-05     7s
  18   8.29435601e+00  1.06846939e+01  1.05e-02 1.03e-15  2.32e-05     7s
  19   8.40858904e+00  1.03578664e+01  8.98e-03 9.80e-16  1.89e-05     7s
  20   8.50160639e+00  1.02848549e+01  7.62e-03 7.41e-16  1.73e-05     8s
  21   8.60082742e+00  9.96649629e+00  6.37e-03 1.11e-15  1.32e-05     8s
  22   8.70787238e+00  9.78647207e+00  5.05e-03 6.96e-16  1.04e-05     8s
  23   8.75662857e+00  9.65964622e+00  4.45e-03 6.20e-16  8.74e-06     8s
  24   8.81769267e+00  9.52942634e+00  3.75e-03 5.41e-16  6.89e-06     8s
  25   8.91946187e+00  9.44050063e+00  2.61e-03 4.84e-16  5.04e-06     9s
  26   8.96481811e+00  9.39163424e+00  2.03e-03 6.61e-16  4.13e-06     9s
  27   8.99826360e+00  9.31388353e+00  1.60e-03 5.14e-16  3.05e-06     9s
  28   9.02641177e+00  9.30371051e+00  1.26e-03 5.52e-16  2.68e-06     9s
  29   9.04822853e+00  9.26716970e+00  9.61e-04 5.40e-16  2.11e-06     9s
  30   9.06744380e+00  9.23483130e+00  7.01e-04 6.98e-16  1.62e-06    10s
  31   9.08488272e+00  9.22211069e+00  4.61e-04 5.13e-16  1.32e-06    10s
  32   9.08750450e+00  9.20890231e+00  4.27e-04 2.72e-16  1.17e-06    10s
  33   9.09402139e+00  9.19072501e+00  3.40e-04 4.28e-16  9.33e-07    10s
  34   9.10193134e+00  9.18532648e+00  2.43e-04 4.55e-16  8.04e-07    10s
  35   9.10605662e+00  9.16778119e+00  1.91e-04 3.51e-16  5.95e-07    11s
  36   9.11023059e+00  9.15684232e+00  1.40e-04 2.11e-16  4.50e-07    11s
  37   9.11380516e+00  9.15107523e+00  9.70e-05 1.66e-16  3.59e-07    11s
  38   9.11623385e+00  9.14535890e+00  6.84e-05 1.30e-16  2.81e-07    11s
  39   9.11807441e+00  9.13952584e+00  4.50e-05 6.14e-17  2.07e-07    11s
  40   9.11897188e+00  9.13662547e+00  3.41e-05 8.73e-17  1.70e-07    12s
  41   9.11985572e+00  9.13238387e+00  2.39e-05 6.45e-17  1.21e-07    12s
  42   9.12048726e+00  9.13016476e+00  1.66e-05 6.58e-17  9.33e-08    12s
  43   9.12067602e+00  9.12962044e+00  1.43e-05 3.94e-17  8.62e-08    12s
  44   9.12103343e+00  9.12839966e+00  1.01e-05 4.66e-17  7.10e-08    12s
  45   9.12138946e+00  9.12608101e+00  6.00e-06 9.15e-17  4.52e-08    13s
  46   9.12149156e+00  9.12578816e+00  5.01e-06 1.02e-16  4.14e-08    13s
  47   9.12178310e+00  9.12348180e+00  1.99e-06 7.74e-17  1.64e-08    13s
  48   9.12193168e+00  9.12286214e+00  5.80e-07 8.55e-17  8.97e-09    13s
  49   9.12196297e+00  9.12259419e+00  3.44e-07 8.52e-17  6.08e-09    13s
  50   9.12198565e+00  9.12226203e+00  1.57e-07 4.26e-17  2.66e-09    14s
  51   9.12200048e+00  9.12205955e+00  4.13e-08 5.82e-17  5.69e-10    14s
  52   9.12200847e+00  9.12201077e+00  2.77e-10 6.12e-14  2.22e-11    14s
  53   9.12200895e+00  9.12200899e+00  5.84e-10 9.72e-14  4.10e-13    14s

Barrier solved model in 53 iterations and 14.27 seconds (9.54 work units)
Optimal objective 9.12200895e+00


Root crossover log...

     443 DPushes remaining with DInf 2.5564647e-06                14s
       0 DPushes remaining with DInf 0.0000000e+00                14s

     265 PPushes remaining with PInf 2.3420082e-03                14s
       0 PPushes remaining with PInf 0.0000000e+00                14s

  Push phase complete: Pinf 0.0000000e+00, Dinf 1.8382070e-03     14s


Root simplex log...

Iteration    Objective       Primal Inf.    Dual Inf.      Time
     699    9.1220090e+00   0.000000e+00   1.838207e-03     14s
     704    9.1220090e+00   0.000000e+00   0.000000e+00     14s
     704    9.1220090e+00   0.000000e+00   0.000000e+00     14s

Solved with barrier

Root relaxation: objective 9.122009e+00, 704 iterations, 12.25 seconds (7.36 work units)
Total elapsed time = 15.05s

    Nodes    |    Current Node    |     Objective Bounds      |     Work
 Expl Unexpl |  Obj  Depth IntInf | Incumbent    BestBd   Gap | It/Node Time

     0     0    9.12201    0 1095    7.31147    9.12201  24.8%     -   15s
H    0     0                       7.3455278    9.12191  24.2%     -   70s
     0     0    9.12191    0 1087    7.34553    9.12191  24.2%     -   70s
     0     0    9.12182    0 1087    7.34553    9.12182  24.2%     -  108s
     0     0    9.12182    0 1087    7.34553    9.12182  24.2%     -  144s
     0     0    9.12167    0 1087    7.34553    9.12167  24.2%     -  195s
     0     0    9.12166    0 1085    7.34553    9.12166  24.2%     -  239s
     0     0    9.12157    0 1088    7.34553    9.12157  24.2%     -  250s
     0     0    9.12157    0 1088    7.34553    9.12157  24.2%     -  324s
     0     0    9.12153    0 1085    7.34553    9.12153  24.2%     -  327s
     0     0    9.12153    0 1087    7.34553    9.12153  24.2%     -  364s
     0     0    9.12148    0 1087    7.34553    9.12148  24.2%     -  423s
     0     0    9.12148    0 1087    7.34553    9.12148  24.2%     -  460s
     0     0    9.12144    0 1087    7.34553    9.12144  24.2%     -  462s
     0     0    9.12144    0 1090    7.34553    9.12144  24.2%     -  576s
     0     0    9.12143    0 1091    7.34553    9.12143  24.2%     -  579s
     0     0    9.12142    0 1089    7.34553    9.12142  24.2%     -  677s
     0     0    9.12139    0 1086    7.34553    9.12139  24.2%     -  681s
     0     0    9.12139    0 1086    7.34553    9.12139  24.2%     -  682s
     0     2    9.12139    0 1086    7.34553    9.12139  24.2%     -  741s
     1     4    9.12086    1 1084    7.34553    9.12139  24.2% 47643  802s
     3     8    9.12066    2 1083    7.34553    9.12114  24.2% 48883  912s
     7    12    9.12001    3 1082    7.34553    9.12101  24.2% 51637 1036s
    11    16    9.12049    3 1085    7.34553    9.12101  24.2% 56080 1323s
    15    20    9.11998    4 1077    7.34553    9.12101  24.2% 65922 1335s
    19    24    9.12012    4 1085    7.34553    9.12101  24.2% 53642 1406s
    23    32    9.12002    5 1078    7.34553    9.12101  24.2% 46262 1437s
    31    38    9.11964    6 1078    7.34553    9.12101  24.2% 36009 1466s
    37    43    9.11923    7 1072    7.34553    9.12101  24.2% 31438 1497s
    42    48    9.11920    7 1066    7.34553    9.12101  24.2% 28572 1533s
    47    54    9.11911    8 1072    7.34553    9.12101  24.2% 26368 1563s
    53    60    9.11852    8 1064    7.34553    9.12101  24.2% 24068 1592s
    59    64    9.11880    9 1071    7.34553    9.12101  24.2% 23045 1696s
    63    71    9.11848    9 1070    7.34553    9.12101  24.2% 23442 1728s
    70    80    9.11796   10 1056    7.34553    9.12101  24.2% 21616 1760s
    79    89    9.11731   12 1055    7.34553    9.12101  24.2% 19810 1797s
    88    97    9.11714   13 1060    7.34553    9.12101  24.2% 18384 1831s
    96   106    9.11689   13 1054    7.34553    9.12101  24.2% 17317 1870s
   105   115    9.11696   14 1060    7.34553    9.12101  24.2% 16201 1913s
   114   119    9.11681   15 1060    7.34553    9.12101  24.2% 15763 2011s
   118   129    9.11609   15 1054    7.34553    9.12101  24.2% 16223 2054s
   128   142    9.11663   16 1058    7.34553    9.12101  24.2% 15396 2103s
   141   152    9.11604   18 1052    7.34553    9.12101  24.2% 14452 2146s
   151   164    9.11559   19 1051    7.34553    9.12101  24.2% 13825 2205s
H  163   175                       7.4620833    9.12101  22.2% 13181 2266s
   174   187    9.11466   21 1051    7.46208    9.12101  22.2% 12780 2320s
   186   197    9.11489   22 1046    7.46208    9.12101  22.2% 12328 2374s
H  196   209                       7.4713611    9.12101  22.1% 11982 2440s
H  198   209                       7.5065000    9.12101  21.5% 11957 2440s
H  200   209                       7.5389167    9.12101  21.0% 11929 2440s
   208   220    9.11364   24 1040    7.53892    9.12101  21.0% 11689 2512s
   219   233    9.11336   25 1036    7.53892    9.12101  21.0% 11419 2589s
H  232   247                       7.5687500    9.12101  20.5% 11055 2718s
   246   263    9.11293   28 1040    7.56875    9.12101  20.5% 11205 2802s
   262   279    9.11240   29 1033    7.56875    9.12101  20.5% 10859 2880s
H  274   279                       7.6644722    9.12101  19.0% 10639 2880s
   278   294    9.11280   31 1039    7.66447    9.12101  19.0% 10552 2963s
   293   313    9.11258   32 1036    7.66447    9.12101  19.0% 10346 3046s
H  312   331                       7.7255278    9.12101  18.1% 10037 3137s
H  315   331                       7.7448611    9.12101  17.8% 10023 3137s
   330   351    9.11172   37 1035    7.74486    9.12101  17.8%  9829 3224s
H  350   369                       7.7597500    9.12101  17.5%  9563 3324s
H  354   369                       7.8624444    9.12101  16.0%  9547 3324s
   368   391    9.11037   41 1022    7.86244    9.12101  16.0%  9415 3431s
H  390   395                       8.2806944    9.12101  10.1%  9192 4267s
   394   410    9.11013   44 1029    8.28069    9.12101  10.1%  9189 4929s
H  397   410                       8.2972778    9.12101  9.93%  9155 4929s
   409   434    9.10966   46 1015    8.29728    9.12101  9.93%  9234 5045s
H  432   434                       8.4909444    9.12101  7.42%  9033 5045s
   433   462    9.10945   48 1018    8.49094    9.12101  7.42%  9037 5160s
H  461   488                       8.5419167    9.12101  6.78%  8815 5287s
H  465   488                       8.5486944    9.12101  6.69%  8820 5287s
   487   519    9.10809   54 1013    8.54869    9.12101  6.69%  8665 5414s
H  518   545                       8.5648333    9.12101  6.49%  8451 5556s
H  522   545                       8.5958611    9.12101  6.11%  8469 5556s
H  526   545                       8.5986667    9.12101  6.07%  8487 5556s
H  530   545                       8.6002778    9.12101  6.05%  8498 5556s
   544   574    9.10536   59  984    8.60028    9.12101  6.05%  8350 5713s
H  572   574                       8.6323611    9.12101  5.66%  8209 5713s
   573   611    9.10450   61  985    8.63236    9.12101  5.66%  8213 5872s
H  610   615                       8.6374444    9.12101  5.60%  8040 6851s
H  611   615                       8.6533611    9.12101  5.40%  8039 6851s
   614   653    9.10388   65  973    8.65336    9.12101  5.40%  8043 7029s
H  652   689                       8.6655833    9.12101  5.26%  7852 7200s
H  659   689                       8.6658611    9.12101  5.25%  7852 7200s
H  666   689                       8.6753056    9.12101  5.14%  7847 7200s
H  673   689                       8.6787778    9.12101  5.10%  7833 7200s

Cutting planes:
  MIR: 669

Explored 688 nodes (5428669 simplex iterations) in 7200.77 seconds (12690.80 work units)
Thread count was 8 (of 8 available processors)

Solution count 10: 8.67878 8.67531 8.66586 ... 8.59586

Time limit reached
Best objective 8.678777777778e+00, best bound 9.121013469344e+00, gap 5.0956%
sol.cost 8.678777777777778 found, best possible: 9.121013469343758
solution:
         ix  ...  dijmax
209     209  ...  0.2020
228     228  ...  0.2020
312     312  ...  0.2105
407     407  ...  0.2085
427     427  ...  0.2025
...     ...  ...     ...
19529  1577  ...  0.2040
19533  1581  ...  0.2035
19542  1590  ...  0.2105
19558  1606  ...  0.2025
19564  1612  ...  0.2060

[360 rows x 13 columns]

Process finished with exit code 0

