1672313443.1148307
creating main_df
1672313443.1612637
creating mipmodel
Set parameter Username
Academic license - for non-commercial use only - expires 2023-06-15
1672313443.2795238
creating decision variables
1672313444.3448496
creating objective function
Set parameter TimeLimit to value 7200
Set parameter NodeLimit to value 1073741824
Set parameter SolutionLimit to value 1073741824
Set parameter IntFeasTol to value 1e-06
Set parameter Method to value 3
Set parameter MIPGap to value 0.01
Gurobi Optimizer version 9.5.2 build v9.5.2rc0 (linux64)
Thread count: 4 physical cores, 8 logical processors, using up to 8 threads
Optimize a model with 92846 rows, 39180 columns and 610935 nonzeros
Model fingerprint: 0x41b0979a
Variable types: 19596 continuous, 19584 integer (19584 binary)
Coefficient statistics:
  Matrix range     [1e-01, 5e+01]
  Objective range  [6e-03, 3e-02]
  Bounds range     [1e+00, 1e+00]
  RHS range        [1e+00, 9e+02]
Presolve removed 59280 rows and 4038 columns
Presolve time: 1.33s
Presolved: 33566 rows, 35142 columns, 377532 nonzeros
Variable types: 17577 continuous, 17565 integer (17565 binary)

Concurrent LP optimizer: dual simplex and barrier
Showing barrier log only...

Root barrier log...

Ordering time: 1.54s

Barrier statistics:
 Dense cols : 12
 AA' NZ     : 1.095e+06
 Factor NZ  : 4.324e+06 (roughly 70 MB of memory)
 Factor Ops : 3.396e+09 (less than 1 second per iteration)
 Threads    : 2

                  Objective                Residual
Iter       Primal          Dual         Primal    Dual     Compl     Time
   0   4.41668014e+03  4.05224770e+03  1.03e+05 2.62e-02  1.95e+01     4s
   1   3.53035696e+03  1.83448578e+04  8.26e+04 3.20e-02  1.40e+01     4s
   2   7.48407394e+02  2.27061952e+04  1.74e+04 1.44e-02  3.18e+00     4s
   3   1.85342082e+02  1.87935370e+04  4.20e+03 5.62e-03  8.77e-01     5s
   4   8.85276078e+01  1.22657647e+04  1.94e+03 2.02e-03  4.11e-01     5s
   5   4.60467986e+01  4.05757319e+03  9.41e+02 2.63e-05  1.61e-01     5s
   6   9.60534838e+00  1.11760314e+03  8.23e+01 4.62e-14  1.96e-02     6s
   7   6.39515601e+00  1.93016277e+02  6.17e+00 2.11e-13  2.23e-03     6s
   8   6.39378076e+00  5.03809900e+01  1.13e+00 2.75e-14  5.10e-04     7s
   9   6.52334642e+00  3.38551092e+01  7.41e-01 2.40e-14  3.34e-04     7s
  10   6.72804459e+00  2.55671916e+01  4.60e-01 1.41e-14  2.26e-04     7s
  11   6.80523813e+00  2.28210289e+01  4.13e-01 1.30e-14  1.93e-04     7s
  12   7.02165894e+00  1.79746866e+01  3.19e-01 8.04e-15  1.32e-04     8s
  13   7.24148906e+00  1.60428577e+01  2.46e-01 6.70e-15  1.04e-04     8s
  14   7.42649962e+00  1.45751746e+01  1.97e-01 2.91e-15  8.24e-05     8s
  15   7.68246116e+00  1.27138671e+01  1.45e-01 2.10e-15  5.64e-05     8s
  16   7.85820557e+00  1.16491252e+01  1.19e-01 1.90e-15  4.17e-05     9s
  17   8.07476254e+00  1.08387494e+01  9.16e-02 9.65e-16  2.98e-05     9s
  18   8.22490454e+00  1.03594841e+01  7.61e-02 1.89e-15  2.27e-05     9s
  19   8.39002590e+00  1.01158748e+01  6.11e-02 1.30e-15  1.81e-05    10s
  20   8.44330055e+00  1.00648316e+01  5.59e-02 1.71e-15  1.70e-05    10s
  21   8.50432209e+00  9.88849768e+00  4.99e-02 8.19e-16  1.44e-05    10s
  22   8.60678360e+00  9.81342888e+00  4.10e-02 1.17e-15  1.24e-05    10s
  23   8.62730153e+00  9.76431526e+00  3.93e-02 1.11e-15  1.17e-05    10s
  24   8.71195815e+00  9.63864781e+00  3.31e-02 5.98e-16  9.49e-06    11s
  25   8.76829457e+00  9.51586792e+00  2.87e-02 9.01e-16  7.62e-06    11s
  26   8.83902346e+00  9.44548927e+00  2.33e-02 1.07e-15  6.15e-06    11s
  27   8.90509263e+00  9.41792544e+00  1.81e-02 8.92e-16  5.17e-06    11s
  28   8.94286263e+00  9.37546568e+00  1.49e-02 5.47e-16  4.34e-06    12s
  29   8.96746542e+00  9.34819367e+00  1.28e-02 5.56e-16  3.81e-06    12s
  30   9.01204750e+00  9.29260649e+00  8.91e-03 9.53e-16  2.79e-06    12s
  31   9.03886800e+00  9.25160945e+00  6.69e-03 1.22e-15  2.10e-06    13s
  32   9.05343557e+00  9.22256731e+00  5.46e-03 1.58e-15  1.67e-06    13s
  33   9.06627947e+00  9.21283420e+00  4.40e-03 1.60e-15  1.44e-06    13s
  34   9.07374841e+00  9.19651613e+00  3.76e-03 1.74e-15  1.21e-06    13s
  35   9.08456065e+00  9.18057430e+00  2.88e-03 1.51e-15  9.41e-07    14s
  36   9.09644570e+00  9.16676959e+00  1.89e-03 1.50e-15  6.87e-07    14s
  37   9.10061981e+00  9.16267642e+00  1.56e-03 1.27e-15  6.05e-07    14s
  38   9.10390587e+00  9.15554533e+00  1.29e-03 9.51e-16  5.03e-07    14s
  39   9.10801230e+00  9.14877238e+00  9.77e-04 8.07e-16  3.97e-07    15s
  40   9.11101634e+00  9.14161934e+00  7.57e-04 6.00e-16  2.98e-07    15s
  41   9.11357127e+00  9.13689682e+00  5.78e-04 4.09e-16  2.27e-07    15s
  42   9.11682196e+00  9.13169750e+00  3.51e-04 3.10e-16  1.45e-07    16s
  43   9.11867950e+00  9.12858920e+00  2.23e-04 1.67e-16  9.64e-08    16s
  44   9.11966019e+00  9.12627252e+00  1.56e-04 1.34e-16  6.43e-08    16s
  45   9.11984111e+00  9.12579104e+00  1.44e-04 9.45e-17  5.79e-08    16s
  46   9.12034514e+00  9.12456073e+00  1.09e-04 6.81e-17  4.10e-08    17s
  47   9.12100527e+00  9.12359862e+00  6.59e-05 4.83e-17  2.52e-08    17s
  48   9.12152107e+00  9.12306155e+00  3.14e-05 4.89e-17  1.50e-08    17s
  49   9.12168932e+00  9.12267912e+00  1.98e-05 3.40e-17  9.61e-09    17s
  50   9.12190507e+00  9.12229148e+00  5.47e-06 7.17e-17  3.74e-09    18s
  51   9.12198593e+00  9.12208633e+00  9.85e-07 4.89e-17  9.71e-10    18s
  52   9.12200411e+00  9.12201768e+00  1.66e-07 5.10e-17  1.31e-10    18s
  53   9.12200853e+00  9.12200927e+00  1.21e-08 7.91e-14  7.16e-12    19s
  54   9.12200897e+00  9.12200898e+00  2.73e-10 7.61e-15  1.08e-13    19s

Barrier solved model in 54 iterations and 18.89 seconds (11.90 work units)
Optimal objective 9.12200897e+00


Root crossover log...

     489 DPushes remaining with DInf 2.2386909e-06                19s
       0 DPushes remaining with DInf 0.0000000e+00                19s

     220 PPushes remaining with PInf 2.9230034e-04                19s
       0 PPushes remaining with PInf 0.0000000e+00                19s

  Push phase complete: Pinf 0.0000000e+00, Dinf 6.3158963e-03     19s


Root simplex log...

Iteration    Objective       Primal Inf.    Dual Inf.      Time
     712    9.1220090e+00   0.000000e+00   6.315896e-03     19s
     716    9.1220090e+00   0.000000e+00   0.000000e+00     19s
     716    9.1220090e+00   0.000000e+00   0.000000e+00     19s

Solved with barrier

Root relaxation: objective 9.122009e+00, 716 iterations, 17.62 seconds (10.68 work units)

    Nodes    |    Current Node    |     Objective Bounds      |     Work
 Expl Unexpl |  Obj  Depth IntInf | Incumbent    BestBd   Gap | It/Node Time

     0     0    9.12201    0 1096          -    9.12201      -     -   19s
     0     0    9.12191    0 1088          -    9.12191      -     -   78s
     0     0    9.12191    0 1088          -    9.12191      -     -  105s
     0     0    9.12182    0 1088          -    9.12182      -     -  109s
     0     0    9.12165    0 1087          -    9.12165      -     -  170s
     0     0    9.12165    0 1087          -    9.12165      -     -  204s
     0     0    9.12158    0 1087          -    9.12158      -     -  212s
     0     0    9.12157    0 1086          -    9.12157      -     -  237s
     0     0    9.12152    0 1088          -    9.12152      -     -  240s
     0     0    9.12152    0 1088          -    9.12152      -     -  276s
     0     0    9.12148    0 1086          -    9.12148      -     -  278s
     0     0    9.12147    0 1085          -    9.12147      -     -  304s
     0     0    9.12144    0 1090          -    9.12144      -     -  348s
     0     0    9.12144    0 1088          -    9.12144      -     -  416s
     0     0    9.12142    0 1087          -    9.12142      -     -  447s
     0     0    9.12141    0 1086          -    9.12141      -     -  514s
     0     0    9.12140    0 1087          -    9.12140      -     -  516s
H    0     0                       6.0304444    9.12140  51.3%     -  516s
     0     0    9.12140    0 1087    6.03044    9.12140  51.3%     -  517s
     0     2    9.12140    0 1087    6.03044    9.12140  51.3%     -  546s
     1     4    9.12087    1 1080    6.03044    9.12140  51.3% 41734  593s
     3     8    9.12067    2 1083    6.03044    9.12115  51.3% 44702  680s
     7    12    9.12003    3 1084    6.03044    9.12103  51.2% 44802  775s
    11    16    9.12051    3 1088    6.03044    9.12103  51.2% 50066 1002s
    15    20    9.11997    4 1077    6.03044    9.12063  51.2% 60573 1013s
    19    24    9.12010    4 1076    6.03044    9.12063  51.2% 49477 1024s
    23    29    9.11996    5 1079    6.03044    9.12063  51.2% 41981 1038s
    28    33    9.11958    6 1082    6.03044    9.12063  51.2% 35881 1048s
    32    45    9.11959    6 1071    6.03044    9.12063  51.2% 32219 1131s
    44    57    9.11862    8 1076    6.03044    9.12063  51.2% 26075 1274s
    56    94    9.11817   10 1070    6.03044    9.12063  51.2% 24687 1443s
    93   112    9.11618   17 1066    6.03044    9.12063  51.2% 17462 1606s
   111   144    9.11531   21 1061    6.03044    9.12063  51.2% 16137 1748s
   143   178    9.11356   27 1053    6.03044    9.12063  51.2% 13660 1889s
H  177   208                       6.8068333    9.12063  34.0% 11947 2025s
   207   225    9.11156   40 1050    6.80683    9.12063  34.0% 11007 2182s
   224   259    9.11027   44 1040    6.80683    9.12063  34.0% 10849 2368s
H  241   259                       7.0656389    9.12063  29.1% 10390 2368s
   258   302    9.10919   51 1042    7.06564    9.12063  29.1% 10132 2527s
H  301   347                       7.1440278    9.12063  27.7%  9185 2682s
   346   392    9.10540   69 1007    7.14403    9.12063  27.7%  8432 2834s
H  378   392                       7.2152778    9.12063  26.4%  7995 2834s
   391   420    9.10423   77 1004    7.21528    9.12063  26.4%  7828 3352s
H  397   420                       8.1427222    9.12063  12.0%  7743 3352s
   419   470    9.10348   82  999    8.14272    9.12063  12.0%  7566 3521s
H  433   470                       8.1796944    9.12063  11.5%  7400 3522s
H  456   470                       8.2704722    9.12063  10.3%  7234 3522s
   469   524    9.10224   92  990    8.27047    9.12063  10.3%  7117 3695s
H  482   524                       8.3029444    9.12063  9.85%  6989 3695s
H  504   524                       8.3198611    9.12063  9.62%  6880 3696s
   523   578    9.09914  103  972    8.31986    9.12063  9.62%  6735 3880s
H  577   638                       8.4153889    9.12063  8.38%  6437 4063s
   637   702    9.09434  126  951    8.41539    9.12063  8.38%  6141 4252s
H  648   702                       8.4451111    9.12063  8.00%  6071 4252s
H  674   702                       8.4595556    9.12063  7.81%  5998 4253s
   701   769    9.09225  138  931    8.45956    9.12063  7.81%  5862 4444s
H  744   769                       8.4932500    9.12063  7.39%  5710 4445s
   768   811    9.08924  147  914    8.49325    9.12063  7.39%  5608 5111s
H  770   811                       8.5477222    9.12063  6.70%  5597 5111s
H  790   811                       8.5818889    9.12063  6.28%  5577 5111s
   810   895    9.08660  152  895    8.58189    9.12063  6.28%  5503 5898s
H  827   895                       8.6503056    9.12063  5.44%  5428 5898s
H  886   895                       8.6713056    9.12063  5.18%  5259 5898s
   894   990    9.08407  166  877    8.67131    9.12063  5.18%  5233 6133s
H  912   990                       8.6916389    9.12063  4.94%  5167 6133s
H  982   990                       8.7079722    9.12063  4.74%  5006 6133s
   989  1081    9.07942  182  876    8.70797    9.12063  4.74%  4985 6370s
H 1008  1081                       8.7394722    9.12063  4.36%  4931 6370s
H 1071  1081                       8.7693611    9.12063  4.01%  4815 6370s
  1080  1193    9.07302  197  855    8.76936    9.12063  4.01%  4788 6616s
H 1097  1193                       8.7828611    9.12063  3.85%  4743 6616s
H 1135  1193                       8.7985556    9.12063  3.66%  4709 6616s
  1192  1311    9.06454  219  843    8.79856    9.12063  3.66%  4556 6861s
H 1198  1311                       8.8096667    9.12063  3.53%  4539 6861s
H 1230  1311                       8.8273611    9.12063  3.32%  4507 6861s
H 1327  1363                       8.8535278    9.12063  3.02%  4271 6971s
H 1379  1410                       8.8581111    9.12063  2.96%  4323 7112s
H 1397  1410                       8.8594444    9.12063  2.95%  4339 7112s
  1426  1459    9.05748  275  827    8.85944    9.12063  2.95%  4312 7200s
H 1442  1459                       8.8640000    9.12063  2.90%  4304 7200s
H 1467  1459                       8.8644167    9.12063  2.89%  4308 7200s

Cutting planes:
  MIR: 704

Explored 1475 nodes (6496932 simplex iterations) in 7200.43 seconds (13028.47 work units)
Thread count was 8 (of 8 available processors)

Solution count 10: 8.86442 8.864 8.85944 ... 8.76936

Time limit reached
Best objective 8.864416666667e+00, best bound 9.120630692383e+00, gap 2.8904%
sol.cost 8.864416666666667 found, best possible: 9.12063069238331
solution:
         ix  ...  dijmax
156     156  ...  0.2100
167     167  ...  0.2000
183     183  ...  0.2130
209     209  ...  0.2020
228     228  ...  0.2020
...     ...  ...     ...
19450  1498  ...  0.2080
19469  1517  ...  0.2110
19518  1566  ...  0.2045
19542  1590  ...  0.2105
19564  1612  ...  0.2060

[360 rows x 12 columns]

Process finished with exit code 0

